#-----------------------------------------------------------
# xsim v2019.2 (64-bit)
# SW Build 2708876 on Wed Nov  6 21:39:14 MST 2019
# IP Build 2700528 on Thu Nov  7 00:09:20 MST 2019
# Start of session at: Sat Apr 25 15:10:31 2026
# Process ID: 101521
# Current directory: /home/vsudhanvi/rtl-valid-ready-pipeline-slice/reports/run_20260425_151024
# Command line: xsim -mode tcl -source {xsim.dir/work.sim/xsim_script.tcl}
# Log file: /home/vsudhanvi/rtl-valid-ready-pipeline-slice/reports/run_20260425_151024/xsim.log
# Journal file: /home/vsudhanvi/rtl-valid-ready-pipeline-slice/reports/run_20260425_151024/xsim.jou
#-----------------------------------------------------------
source xsim.dir/work.sim/xsim_script.tcl
# xsim {work.sim} -autoloadwcfg -tclbatch {/home/vsudhanvi/rtl-valid-ready-pipeline-slice/reports/run_20260425_151024/run.tcl} -onfinish quit -onerror quit
Vivado Simulator 2019.2
Time resolution is 1 ps
source /home/vsudhanvi/rtl-valid-ready-pipeline-slice/reports/run_20260425_151024/run.tcl
## log_wave -r /
WARNING: [Simtcl 6-197] One or more HDL objects could not be logged because of object type or size limitations.  To see details please rerun the command with -verbose (-v).
## run all
TC01 Reset Default State
TC02 First Accept Into Empty Slice
TC03 First Output Transfer
TC04 Hold Under Downstream Stall
TC07 Back-to-Back Throughput
TC10 Simultaneous Consume And Refill
TC16 Random Valid/Ready Throttling
TC25 Skid Single Extra Capture
TC26 Skid Hold And Drain Ordering
TC31 Occupancy / Debug Signal Consistency
[PASS] integrated
[TB PASS] vr_slice_tb_base DATA_W=16 SKID_EN=1 TEST_GROUP=900
$finish called at time : 1736 ns : File "/home/vsudhanvi/rtl-valid-ready-pipeline-slice/tb/vr_slice_tb_base.sv" Line 810
exit 0
INFO: [Common 17-206] Exiting xsim at Sat Apr 25 15:10:39 2026...
