Vivado Simulator 2019.2
Copyright 1986-1999, 2001-2019 Xilinx, Inc. All Rights Reserved.
Running: /apps/xilinx/Vivado/2019.2/bin/unwrapped/lnx64.o/xelab -debug typical vr_slice_debug_tb -snapshot work.sim 
Multi-threading is on. Using 94 slave threads.
Starting static elaboration
Pass Through NonSizing Optimizer
Completed static elaboration
Starting simulation data flow analysis
Completed simulation data flow analysis
Time Resolution for simulation is 1ps
Compiling module work.vr_slice(SKID_EN=1)
Compiling module work.vr_slice_sva(SKID_EN=1)
Compiling module work.vr_slice_tb_base(SKID_EN=1,TEST_...
Compiling module work.vr_slice_debug_tb
Built simulation snapshot work.sim

****** Webtalk v2019.2 (64-bit)
  **** SW Build 2708876 on Wed Nov  6 21:39:14 MST 2019
  **** IP Build 2700528 on Thu Nov  7 00:09:20 MST 2019
    ** Copyright 1986-2019 Xilinx, Inc. All Rights Reserved.

source /home/vsudhanvi/rtl-valid-ready-pipeline-slice/reports/run_20260425_153354/xsim.dir/work.sim/webtalk/xsim_webtalk.tcl -notrace
INFO: [Common 17-206] Exiting Webtalk at Sat Apr 25 15:33:59 2026...
